<?xml version="1.0" encoding="UTF-8"?>
<testsuite xmlns:xsi="http://www.w3.org/2001/XMLSchema-instance" xsi:noNamespaceSchemaLocation="https://maven.apache.org/surefire/maven-surefire-plugin/xsd/surefire-test-report-3.0.xsd" version="3.0" name="TestSuite" time="10.636" tests="1" errors="0" skipped="0" failures="0">
  <properties>
[...]
</properties>
  <testcase name="TestMethod" classname="com.org.SampleSelTest" time="9.95">
    <system-out><![CDATA[04:02:52.618 [main] DEBUG io.netty.util.internal.logging.InternalLoggerFactory - Using SLF4J as the default logging framework
04:02:52.625 [main] DEBUG io.netty.util.ResourceLeakDetector - -Dio.netty.leakDetection.level: simple
04:02:52.625 [main] DEBUG io.netty.util.ResourceLeakDetector - -Dio.netty.leakDetection.targetRecords: 4
04:02:52.629 [main] DEBUG io.netty.util.ResourceLeakDetectorFactory - Loaded default ResourceLeakDetector: io.netty.util.ResourceLeakDetector@3c130745
04:02:52.645 [main] DEBUG io.netty.util.internal.PlatformDependent - Platform: Windows
04:02:52.646 [main] DEBUG io.netty.util.internal.PlatformDependent0 - -Dio.netty.noUnsafe: false
04:02:52.647 [main] DEBUG io.netty.util.internal.PlatformDependent0 - Java version: 8
04:02:52.647 [main] DEBUG io.netty.util.internal.PlatformDependent0 - sun.misc.Unsafe.theUnsafe: available
04:02:52.648 [main] DEBUG io.netty.util.internal.PlatformDependent0 - sun.misc.Unsafe.copyMemory: available
04:02:52.649 [main] DEBUG io.netty.util.internal.PlatformDependent0 - java.nio.Buffer.address: available
04:02:52.649 [main] DEBUG io.netty.util.internal.PlatformDependent0 - direct buffer constructor: available
04:02:52.650 [main] DEBUG io.netty.util.internal.PlatformDependent0 - java.nio.Bits.unaligned: available, true
04:02:52.650 [main] DEBUG io.netty.util.internal.PlatformDependent0 - jdk.internal.misc.Unsafe.allocateUninitializedArray(int): unavailable prior to Java9
04:02:52.650 [main] DEBUG io.netty.util.internal.PlatformDependent0 - java.nio.DirectByteBuffer.<init>(long, int): available
04:02:52.651 [main] DEBUG io.netty.util.internal.PlatformDependent - sun.misc.Unsafe: available
04:02:52.651 [main] DEBUG io.netty.util.internal.PlatformDependent - -Dio.netty.tmpdir: C:\WINDOWS\TEMP (java.io.tmpdir)
04:02:52.651 [main] DEBUG io.netty.util.internal.PlatformDependent - -Dio.netty.bitMode: 64 (sun.arch.data.model)
04:02:52.652 [main] DEBUG io.netty.util.internal.PlatformDependent - -Dio.netty.maxDirectMemory: 3795845120 bytes
04:02:52.652 [main] DEBUG io.netty.util.internal.PlatformDependent - -Dio.netty.uninitializedArrayAllocationThreshold: -1
04:02:52.653 [main] DEBUG io.netty.util.internal.CleanerJava6 - java.nio.ByteBuffer.cleaner(): available
04:02:52.653 [main] DEBUG io.netty.util.internal.PlatformDependent - -Dio.netty.noPreferDirect: false
04:02:52.662 [main] DEBUG io.netty.util.internal.PlatformDependent - org.jctools-core.MpscChunkedArrayQueue: available
04:02:53.003 [main] DEBUG io.netty.handler.ssl.JdkSslContext - Default protocols (JDK): [TLSv1.2, TLSv1.1, TLSv1] 
04:02:53.003 [main] DEBUG io.netty.handler.ssl.JdkSslContext - Default cipher suites (JDK): [TLS_ECDHE_ECDSA_WITH_AES_256_GCM_SHA384, TLS_ECDHE_ECDSA_WITH_AES_128_GCM_SHA256, TLS_ECDHE_RSA_WITH_AES_128_GCM_SHA256, TLS_ECDHE_RSA_WITH_AES_256_GCM_SHA384, TLS_ECDHE_RSA_WITH_AES_128_CBC_SHA, TLS_ECDHE_RSA_WITH_AES_256_CBC_SHA, TLS_RSA_WITH_AES_128_GCM_SHA256, TLS_RSA_WITH_AES_128_CBC_SHA, TLS_RSA_WITH_AES_256_CBC_SHA]
04:02:53.032 [main] DEBUG io.netty.util.internal.InternalThreadLocalMap - -Dio.netty.threadLocalMap.stringBuilder.initialSize: 1024
04:02:53.032 [main] DEBUG io.netty.util.internal.InternalThreadLocalMap - -Dio.netty.threadLocalMap.stringBuilder.maxSize: 4096
04:02:53.039 [main] DEBUG io.netty.channel.MultithreadEventLoopGroup - -Dio.netty.eventLoopThreads: 16
04:02:53.049 [main] DEBUG io.netty.channel.nio.NioEventLoop - -Dio.netty.noKeySetOptimization: false
04:02:53.049 [main] DEBUG io.netty.channel.nio.NioEventLoop - -Dio.netty.selectorAutoRebuildThreshold: 512
04:02:53.089 [main] DEBUG io.netty.buffer.PooledByteBufAllocator - -Dio.netty.allocator.numHeapArenas: 16
04:02:53.089 [main] DEBUG io.netty.buffer.PooledByteBufAllocator - -Dio.netty.allocator.numDirectArenas: 16
04:02:53.089 [main] DEBUG io.netty.buffer.PooledByteBufAllocator - -Dio.netty.allocator.pageSize: 8192
04:02:53.089 [main] DEBUG io.netty.buffer.PooledByteBufAllocator - -Dio.netty.allocator.maxOrder: 11
04:02:53.089 [main] DEBUG io.netty.buffer.PooledByteBufAllocator - -Dio.netty.allocator.chunkSize: 16777216
04:02:53.089 [main] DEBUG io.netty.buffer.PooledByteBufAllocator - -Dio.netty.allocator.tinyCacheSize: 512
04:02:53.089 [main] DEBUG io.netty.buffer.PooledByteBufAllocator - -Dio.netty.allocator.smallCacheSize: 256
04:02:53.089 [main] DEBUG io.netty.buffer.PooledByteBufAllocator - -Dio.netty.allocator.normalCacheSize: 64
04:02:53.089 [main] DEBUG io.netty.buffer.PooledByteBufAllocator - -Dio.netty.allocator.maxCachedBufferCapacity: 32768
04:02:53.089 [main] DEBUG io.netty.buffer.PooledByteBufAllocator - -Dio.netty.allocator.cacheTrimInterval: 8192
04:02:53.089 [main] DEBUG io.netty.buffer.PooledByteBufAllocator - -Dio.netty.allocator.cacheTrimIntervalMillis: 0
04:02:53.089 [main] DEBUG io.netty.buffer.PooledByteBufAllocator - -Dio.netty.allocator.useCacheForAllThreads: true
04:02:53.089 [main] DEBUG io.netty.buffer.PooledByteBufAllocator - -Dio.netty.allocator.maxCachedByteBuffersPerChunk: 1023
04:02:53.097 [main] DEBUG io.netty.buffer.ByteBufUtil - -Dio.netty.allocator.type: pooled
04:02:53.097 [main] DEBUG io.netty.buffer.ByteBufUtil - -Dio.netty.threadLocalDirectBufferSize: 0
04:02:53.097 [main] DEBUG io.netty.buffer.ByteBufUtil - -Dio.netty.maxThreadLocalCharBufferSize: 16384
04:02:53.975 [Forwarding newSession on session null to remote] DEBUG io.netty.channel.DefaultChannelId - -Dio.netty.processId: 23052 (auto-detected)
04:02:53.977 [Forwarding newSession on session null to remote] DEBUG io.netty.util.NetUtil - -Djava.net.preferIPv4Stack: false
04:02:53.977 [Forwarding newSession on session null to remote] DEBUG io.netty.util.NetUtil - -Djava.net.preferIPv6Addresses: false
04:02:54.138 [Forwarding newSession on session null to remote] DEBUG io.netty.util.NetUtil - Loopback interface: lo (Software Loopback Interface 1, 127.0.0.1)
04:02:54.139 [Forwarding newSession on session null to remote] DEBUG io.netty.util.NetUtil - Failed to get SOMAXCONN from sysctl and file \proc\sys\net\core\somaxconn. Default: 200
04:02:54.321 [Forwarding newSession on session null to remote] DEBUG io.netty.channel.DefaultChannelId - -Dio.netty.machineId: 9c:30:5b:ff:fe:62:84:4f (auto-detected)
04:02:54.370 [AsyncHttpClient-3-1] DEBUG io.netty.buffer.AbstractByteBuf - -Dio.netty.buffer.checkAccessible: true
04:02:54.370 [AsyncHttpClient-3-1] DEBUG io.netty.buffer.AbstractByteBuf - -Dio.netty.buffer.checkBounds: true
04:02:54.370 [AsyncHttpClient-3-1] DEBUG io.netty.util.ResourceLeakDetectorFactory - Loaded default ResourceLeakDetector: io.netty.util.ResourceLeakDetector@8ab1b6d
04:02:54.381 [AsyncHttpClient-3-1] DEBUG org.asynchttpclient.netty.channel.NettyConnectListener - Using new Channel '[id: 0xf8331241, L:/127.0.0.1:59222 - R:localhost/127.0.0.1:40923]' for 'POST' to '/session'
04:02:54.400 [AsyncHttpClient-3-1] DEBUG io.netty.util.Recycler - -Dio.netty.recycler.maxCapacityPerThread: 4096
04:02:54.401 [AsyncHttpClient-3-1] DEBUG io.netty.util.Recycler - -Dio.netty.recycler.maxSharedCapacityFactor: 2
04:02:54.401 [AsyncHttpClient-3-1] DEBUG io.netty.util.Recycler - -Dio.netty.recycler.linkCapacity: 16
04:02:54.401 [AsyncHttpClient-3-1] DEBUG io.netty.util.Recycler - -Dio.netty.recycler.ratio: 8
04:02:54.954 [AsyncHttpClient-3-1] DEBUG org.asynchttpclient.netty.handler.HttpHandler - 

Request DefaultHttpRequest(decodeResult: success, version: HTTP/1.1)
POST /session HTTP/1.1
User-Agent: selenium/4.0.0-alpha-6 (java windows)
Content-Length: 431
Content-Type: application/json; charset=utf-8
host: localhost:40923
accept: */*

Response DefaultHttpResponse(decodeResult: success, version: HTTP/1.1)
HTTP/1.1 200 OK
Content-Length: 733
Content-Type: application/json; charset=utf-8
cache-control: no-cache

04:02:54.963 [AsyncHttpClient-3-1] DEBUG org.asynchttpclient.netty.channel.ChannelManager - Adding key: http://localhost:40923 for channel [id: 0xf8331241, L:/127.0.0.1:59222 - R:localhost/127.0.0.1:40923]
04:02:55.014 [AsyncHttpClient-3-2] DEBUG org.asynchttpclient.netty.channel.NettyConnectListener - Using new Channel '[id: 0xf42ee7e6, L:/127.0.0.1:50894 - R:localhost/127.0.0.1:59223]' for 'GET' to '/json/version'
04:02:55.016 [AsyncHttpClient-3-2] DEBUG org.asynchttpclient.netty.handler.HttpHandler - 

Request DefaultFullHttpRequest(decodeResult: success, version: HTTP/1.1, content: EmptyByteBufBE)
GET /json/version HTTP/1.1
User-Agent: selenium/4.0.0-alpha-6 (java windows)
host: localhost:59223
accept: */*

Response DefaultHttpResponse(decodeResult: success, version: HTTP/1.1)
HTTP/1.1 200 OK
Content-Length: 426
Content-Type: application/json; charset=UTF-8

04:02:55.017 [AsyncHttpClient-3-2] DEBUG org.asynchttpclient.netty.channel.ChannelManager - Adding key: http://localhost:59223 for channel [id: 0xf42ee7e6, L:/127.0.0.1:50894 - R:localhost/127.0.0.1:59223]
04:02:55.026 [main] DEBUG io.netty.util.internal.ThreadLocalRandom - -Dio.netty.initialSeedUniquifier: 0x296b3569d1534f60
04:02:55.028 [AsyncHttpClient-3-3] DEBUG org.asynchttpclient.netty.channel.NettyConnectListener - Using new Channel '[id: 0x53b94e44, L:/127.0.0.1:50895 - R:localhost/127.0.0.1:59223]' for 'GET' to '/devtools/browser/88d495f7-abf7-42e8-ac1e-4c7f9799aaf7'
04:02:55.030 [AsyncHttpClient-3-3] DEBUG org.asynchttpclient.netty.handler.WebSocketHandler - 

Request DefaultFullHttpRequest(decodeResult: success, version: HTTP/1.1, content: EmptyByteBufBE)
GET /devtools/browser/88d495f7-abf7-42e8-ac1e-4c7f9799aaf7 HTTP/1.1
upgrade: websocket
connection: upgrade
sec-websocket-key: f+gyG54vV5qqtwa21UyrMg==
sec-websocket-version: 13
origin: http://localhost:59223
host: localhost:59223
accept: */*
user-agent: AHC/2.1

Response DefaultHttpResponse(decodeResult: success, version: HTTP/1.1)
HTTP/1.1 101 WebSocket Protocol Handshake
Upgrade: WebSocket
Connection: Upgrade
Sec-WebSocket-Accept: cRwW+0EV6773HzIPU47s1Q88ZfQ=

04:02:55.047 [Forwarding maximizeCurrentWindow on session d7bda62b87dd9b4a6ddfb23c309ffaf1 to remote] DEBUG org.asynchttpclient.netty.request.NettyRequestSender - Using pooled Channel '[id: 0xf8331241, L:/127.0.0.1:59222 - R:localhost/127.0.0.1:40923]' for 'POST' to 'http://localhost:40923/session/d7bda62b87dd9b4a6ddfb23c309ffaf1/window/maximize'
04:02:55.048 [Forwarding maximizeCurrentWindow on session d7bda62b87dd9b4a6ddfb23c309ffaf1 to remote] DEBUG org.asynchttpclient.netty.request.NettyRequestSender - Using open Channel [id: 0xf8331241, L:/127.0.0.1:59222 - R:localhost/127.0.0.1:40923] for POST '/session/d7bda62b87dd9b4a6ddfb23c309ffaf1/window/maximize'
04:02:55.166 [AsyncHttpClient-timer-1-1] DEBUG org.asynchttpclient.netty.channel.DefaultChannelPool - Entry count for : http://localhost:59223 : 1
04:02:55.168 [AsyncHttpClient-3-1] DEBUG org.asynchttpclient.netty.handler.HttpHandler - 

Request DefaultHttpRequest(decodeResult: success, version: HTTP/1.1)
POST /session/d7bda62b87dd9b4a6ddfb23c309ffaf1/window/maximize HTTP/1.1
User-Agent: selenium/4.0.0-alpha-6 (java windows)
Content-Length: 3
Content-Type: application/json; charset=utf-8
host: localhost:40923
accept: */*

Response DefaultHttpResponse(decodeResult: success, version: HTTP/1.1)
HTTP/1.1 200 OK
Content-Length: 51
Content-Type: application/json; charset=utf-8
cache-control: no-cache

04:02:55.169 [AsyncHttpClient-3-1] DEBUG org.asynchttpclient.netty.channel.ChannelManager - Adding key: http://localhost:40923 for channel [id: 0xf8331241, L:/127.0.0.1:59222 - R:localhost/127.0.0.1:40923]
04:02:55.173 [Forwarding setTimeout on session d7bda62b87dd9b4a6ddfb23c309ffaf1 to remote] DEBUG org.asynchttpclient.netty.request.NettyRequestSender - Using pooled Channel '[id: 0xf8331241, L:/127.0.0.1:59222 - R:localhost/127.0.0.1:40923]' for 'POST' to 'http://localhost:40923/session/d7bda62b87dd9b4a6ddfb23c309ffaf1/timeouts'
04:02:55.173 [Forwarding setTimeout on session d7bda62b87dd9b4a6ddfb23c309ffaf1 to remote] DEBUG org.asynchttpclient.netty.request.NettyRequestSender - Using open Channel [id: 0xf8331241, L:/127.0.0.1:59222 - R:localhost/127.0.0.1:40923] for POST '/session/d7bda62b87dd9b4a6ddfb23c309ffaf1/timeouts'
04:02:55.174 [AsyncHttpClient-3-1] DEBUG org.asynchttpclient.netty.handler.HttpHandler - 

Request DefaultHttpRequest(decodeResult: success, version: HTTP/1.1)
POST /session/d7bda62b87dd9b4a6ddfb23c309ffaf1/timeouts HTTP/1.1
User-Agent: selenium/4.0.0-alpha-6 (java windows)
Content-Length: 23
Content-Type: application/json; charset=utf-8
host: localhost:40923
accept: */*

Response DefaultHttpResponse(decodeResult: success, version: HTTP/1.1)
HTTP/1.1 200 OK
Content-Length: 14
Content-Type: application/json; charset=utf-8
cache-control: no-cache

04:02:55.175 [AsyncHttpClient-3-1] DEBUG org.asynchttpclient.netty.channel.ChannelManager - Adding key: http://localhost:40923 for channel [id: 0xf8331241, L:/127.0.0.1:59222 - R:localhost/127.0.0.1:40923]
04:02:55.177 [Forwarding get on session d7bda62b87dd9b4a6ddfb23c309ffaf1 to remote] DEBUG org.asynchttpclient.netty.request.NettyRequestSender - Using pooled Channel '[id: 0xf8331241, L:/127.0.0.1:59222 - R:localhost/127.0.0.1:40923]' for 'POST' to 'http://localhost:40923/session/d7bda62b87dd9b4a6ddfb23c309ffaf1/url'
04:02:55.177 [Forwarding get on session d7bda62b87dd9b4a6ddfb23c309ffaf1 to remote] DEBUG org.asynchttpclient.netty.request.NettyRequestSender - Using open Channel [id: 0xf8331241, L:/127.0.0.1:59222 - R:localhost/127.0.0.1:40923] for POST '/session/d7bda62b87dd9b4a6ddfb23c309ffaf1/url'
04:02:55.262 [AsyncHttpClient-3-1] DEBUG org.asynchttpclient.netty.handler.HttpHandler - 

Request DefaultHttpRequest(decodeResult: success, version: HTTP/1.1)
POST /session/d7bda62b87dd9b4a6ddfb23c309ffaf1/url HTTP/1.1
User-Agent: selenium/4.0.0-alpha-6 (java windows)
Content-Length: 119
Content-Type: application/json; charset=utf-8
host: localhost:40923
accept: */*

Response DefaultHttpResponse(decodeResult: success, version: HTTP/1.1)
HTTP/1.1 200 OK
Content-Length: 14
Content-Type: application/json; charset=utf-8
cache-control: no-cache

04:02:55.263 [AsyncHttpClient-3-1] DEBUG org.asynchttpclient.netty.channel.ChannelManager - Adding key: http://localhost:40923 for channel [id: 0xf8331241, L:/127.0.0.1:59222 - R:localhost/127.0.0.1:40923]
04:02:56.267 [AsyncHttpClient-timer-1-1] DEBUG org.asynchttpclient.netty.channel.DefaultChannelPool - Entry count for : http://localhost:59223 : 1
04:02:56.267 [AsyncHttpClient-timer-1-1] DEBUG org.asynchttpclient.netty.channel.DefaultChannelPool - Entry count for : http://localhost:40923 : 1
04:02:56.269 [Forwarding findElement on session d7bda62b87dd9b4a6ddfb23c309ffaf1 to remote] DEBUG org.asynchttpclient.netty.request.NettyRequestSender - Using pooled Channel '[id: 0xf8331241, L:/127.0.0.1:59222 - R:localhost/127.0.0.1:40923]' for 'POST' to 'http://localhost:40923/session/d7bda62b87dd9b4a6ddfb23c309ffaf1/element'
04:02:56.269 [Forwarding findElement on session d7bda62b87dd9b4a6ddfb23c309ffaf1 to remote] DEBUG org.asynchttpclient.netty.request.NettyRequestSender - Using open Channel [id: 0xf8331241, L:/127.0.0.1:59222 - R:localhost/127.0.0.1:40923] for POST '/session/d7bda62b87dd9b4a6ddfb23c309ffaf1/element'
04:02:56.281 [AsyncHttpClient-3-1] DEBUG org.asynchttpclient.netty.handler.HttpHandler - 

Request DefaultHttpRequest(decodeResult: success, version: HTTP/1.1)
POST /session/d7bda62b87dd9b4a6ddfb23c309ffaf1/element HTTP/1.1
User-Agent: selenium/4.0.0-alpha-6 (java windows)
Content-Length: 47
Content-Type: application/json; charset=utf-8
host: localhost:40923
accept: */*

Response DefaultHttpResponse(decodeResult: success, version: HTTP/1.1)
HTTP/1.1 200 OK
Content-Length: 88
Content-Type: application/json; charset=utf-8
cache-control: no-cache

04:02:56.282 [AsyncHttpClient-3-1] DEBUG org.asynchttpclient.netty.channel.ChannelManager - Adding key: http://localhost:40923 for channel [id: 0xf8331241, L:/127.0.0.1:59222 - R:localhost/127.0.0.1:40923]
04:02:56.288 [Forwarding sendKeysToElement on session d7bda62b87dd9b4a6ddfb23c309ffaf1 to remote] DEBUG org.asynchttpclient.netty.request.NettyRequestSender - Using pooled Channel '[id: 0xf8331241, L:/127.0.0.1:59222 - R:localhost/127.0.0.1:40923]' for 'POST' to 'http://localhost:40923/session/d7bda62b87dd9b4a6ddfb23c309ffaf1/element/fde98b0c-d06d-4097-a024-5bc975439d2c/value'
04:02:56.288 [Forwarding sendKeysToElement on session d7bda62b87dd9b4a6ddfb23c309ffaf1 to remote] DEBUG org.asynchttpclient.netty.request.NettyRequestSender - Using open Channel [id: 0xf8331241, L:/127.0.0.1:59222 - R:localhost/127.0.0.1:40923] for POST '/session/d7bda62b87dd9b4a6ddfb23c309ffaf1/element/fde98b0c-d06d-4097-a024-5bc975439d2c/value'
04:02:56.328 [AsyncHttpClient-3-1] DEBUG org.asynchttpclient.netty.handler.HttpHandler - 

Request DefaultHttpRequest(decodeResult: success, version: HTTP/1.1)
POST /session/d7bda62b87dd9b4a6ddfb23c309ffaf1/element/fde98b0c-d06d-4097-a024-5bc975439d2c/value HTTP/1.1
User-Agent: selenium/4.0.0-alpha-6 (java windows)
Content-Length: 131
Content-Type: application/json; charset=utf-8
host: localhost:40923
accept: */*

Response DefaultHttpResponse(decodeResult: success, version: HTTP/1.1)
HTTP/1.1 200 OK
Content-Length: 14
Content-Type: application/json; charset=utf-8
cache-control: no-cache

04:02:56.329 [AsyncHttpClient-3-1] DEBUG org.asynchttpclient.netty.channel.ChannelManager - Adding key: http://localhost:40923 for channel [id: 0xf8331241, L:/127.0.0.1:59222 - R:localhost/127.0.0.1:40923]
04:02:57.345 [Forwarding findElement on session d7bda62b87dd9b4a6ddfb23c309ffaf1 to remote] DEBUG org.asynchttpclient.netty.request.NettyRequestSender - Using pooled Channel '[id: 0xf8331241, L:/127.0.0.1:59222 - R:localhost/127.0.0.1:40923]' for 'POST' to 'http://localhost:40923/session/d7bda62b87dd9b4a6ddfb23c309ffaf1/element'
04:02:57.345 [Forwarding findElement on session d7bda62b87dd9b4a6ddfb23c309ffaf1 to remote] DEBUG org.asynchttpclient.netty.request.NettyRequestSender - Using open Channel [id: 0xf8331241, L:/127.0.0.1:59222 - R:localhost/127.0.0.1:40923] for POST '/session/d7bda62b87dd9b4a6ddfb23c309ffaf1/element'
04:02:57.356 [AsyncHttpClient-3-1] DEBUG org.asynchttpclient.netty.handler.HttpHandler - 

Request DefaultHttpRequest(decodeResult: success, version: HTTP/1.1)
POST /session/d7bda62b87dd9b4a6ddfb23c309ffaf1/element HTTP/1.1
User-Agent: selenium/4.0.0-alpha-6 (java windows)
Content-Length: 57
Content-Type: application/json; charset=utf-8
host: localhost:40923
accept: */*

Response DefaultHttpResponse(decodeResult: success, version: HTTP/1.1)
HTTP/1.1 200 OK
Content-Length: 88
Content-Type: application/json; charset=utf-8
cache-control: no-cache

04:02:57.356 [AsyncHttpClient-3-1] DEBUG org.asynchttpclient.netty.channel.ChannelManager - Adding key: http://localhost:40923 for channel [id: 0xf8331241, L:/127.0.0.1:59222 - R:localhost/127.0.0.1:40923]
04:02:57.357 [Forwarding sendKeysToElement on session d7bda62b87dd9b4a6ddfb23c309ffaf1 to remote] DEBUG org.asynchttpclient.netty.request.NettyRequestSender - Using pooled Channel '[id: 0xf8331241, L:/127.0.0.1:59222 - R:localhost/127.0.0.1:40923]' for 'POST' to 'http://localhost:40923/session/d7bda62b87dd9b4a6ddfb23c309ffaf1/element/bd107870-823e-4348-8678-bbbe059b3230/value'
04:02:57.357 [Forwarding sendKeysToElement on session d7bda62b87dd9b4a6ddfb23c309ffaf1 to remote] DEBUG org.asynchttpclient.netty.request.NettyRequestSender - Using open Channel [id: 0xf8331241, L:/127.0.0.1:59222 - R:localhost/127.0.0.1:40923] for POST '/session/d7bda62b87dd9b4a6ddfb23c309ffaf1/element/bd107870-823e-4348-8678-bbbe059b3230/value'
04:02:57.375 [AsyncHttpClient-timer-1-1] DEBUG org.asynchttpclient.netty.channel.DefaultChannelPool - Entry count for : http://localhost:59223 : 1
04:02:57.403 [AsyncHttpClient-3-1] DEBUG org.asynchttpclient.netty.handler.HttpHandler - 

Request DefaultHttpRequest(decodeResult: success, version: HTTP/1.1)
POST /session/d7bda62b87dd9b4a6ddfb23c309ffaf1/element/bd107870-823e-4348-8678-bbbe059b3230/value HTTP/1.1
User-Agent: selenium/4.0.0-alpha-6 (java windows)
Content-Length: 171
Content-Type: application/json; charset=utf-8
host: localhost:40923
accept: */*

Response DefaultHttpResponse(decodeResult: success, version: HTTP/1.1)
HTTP/1.1 200 OK
Content-Length: 14
Content-Type: application/json; charset=utf-8
cache-control: no-cache

04:02:57.403 [AsyncHttpClient-3-1] DEBUG org.asynchttpclient.netty.channel.ChannelManager - Adding key: http://localhost:40923 for channel [id: 0xf8331241, L:/127.0.0.1:59222 - R:localhost/127.0.0.1:40923]
04:02:58.421 [Forwarding findElement on session d7bda62b87dd9b4a6ddfb23c309ffaf1 to remote] DEBUG org.asynchttpclient.netty.request.NettyRequestSender - Using pooled Channel '[id: 0xf8331241, L:/127.0.0.1:59222 - R:localhost/127.0.0.1:40923]' for 'POST' to 'http://localhost:40923/session/d7bda62b87dd9b4a6ddfb23c309ffaf1/element'
04:02:58.421 [Forwarding findElement on session d7bda62b87dd9b4a6ddfb23c309ffaf1 to remote] DEBUG org.asynchttpclient.netty.request.NettyRequestSender - Using open Channel [id: 0xf8331241, L:/127.0.0.1:59222 - R:localhost/127.0.0.1:40923] for POST '/session/d7bda62b87dd9b4a6ddfb23c309ffaf1/element'
04:02:58.442 [AsyncHttpClient-3-1] DEBUG org.asynchttpclient.netty.handler.HttpHandler - 

Request DefaultHttpRequest(decodeResult: success, version: HTTP/1.1)
POST /session/d7bda62b87dd9b4a6ddfb23c309ffaf1/element HTTP/1.1
User-Agent: selenium/4.0.0-alpha-6 (java windows)
Content-Length: 54
Content-Type: application/json; charset=utf-8
host: localhost:40923
accept: */*

Response DefaultHttpResponse(decodeResult: success, version: HTTP/1.1)
HTTP/1.1 200 OK
Content-Length: 88
Content-Type: application/json; charset=utf-8
cache-control: no-cache

04:02:58.442 [AsyncHttpClient-3-1] DEBUG org.asynchttpclient.netty.channel.ChannelManager - Adding key: http://localhost:40923 for channel [id: 0xf8331241, L:/127.0.0.1:59222 - R:localhost/127.0.0.1:40923]
04:02:58.446 [Forwarding sendKeysToElement on session d7bda62b87dd9b4a6ddfb23c309ffaf1 to remote] DEBUG org.asynchttpclient.netty.request.NettyRequestSender - Using pooled Channel '[id: 0xf8331241, L:/127.0.0.1:59222 - R:localhost/127.0.0.1:40923]' for 'POST' to 'http://localhost:40923/session/d7bda62b87dd9b4a6ddfb23c309ffaf1/element/5c77316c-106d-4222-9eb2-b578e47d983d/value'
04:02:58.446 [Forwarding sendKeysToElement on session d7bda62b87dd9b4a6ddfb23c309ffaf1 to remote] DEBUG org.asynchttpclient.netty.request.NettyRequestSender - Using open Channel [id: 0xf8331241, L:/127.0.0.1:59222 - R:localhost/127.0.0.1:40923] for POST '/session/d7bda62b87dd9b4a6ddfb23c309ffaf1/element/5c77316c-106d-4222-9eb2-b578e47d983d/value'
04:02:58.467 [AsyncHttpClient-timer-1-1] DEBUG org.asynchttpclient.netty.channel.DefaultChannelPool - Entry count for : http://localhost:59223 : 1
04:02:58.518 [AsyncHttpClient-3-1] DEBUG org.asynchttpclient.netty.handler.HttpHandler - 

Request DefaultHttpRequest(decodeResult: success, version: HTTP/1.1)
POST /session/d7bda62b87dd9b4a6ddfb23c309ffaf1/element/5c77316c-106d-4222-9eb2-b578e47d983d/value HTTP/1.1
User-Agent: selenium/4.0.0-alpha-6 (java windows)
Content-Length: 171
Content-Type: application/json; charset=utf-8
host: localhost:40923
accept: */*

Response DefaultHttpResponse(decodeResult: success, version: HTTP/1.1)
HTTP/1.1 200 OK
Content-Length: 14
Content-Type: application/json; charset=utf-8
cache-control: no-cache

04:02:58.518 [AsyncHttpClient-3-1] DEBUG org.asynchttpclient.netty.channel.ChannelManager - Adding key: http://localhost:40923 for channel [id: 0xf8331241, L:/127.0.0.1:59222 - R:localhost/127.0.0.1:40923]
04:02:59.527 [Forwarding findElement on session d7bda62b87dd9b4a6ddfb23c309ffaf1 to remote] DEBUG org.asynchttpclient.netty.request.NettyRequestSender - Using pooled Channel '[id: 0xf8331241, L:/127.0.0.1:59222 - R:localhost/127.0.0.1:40923]' for 'POST' to 'http://localhost:40923/session/d7bda62b87dd9b4a6ddfb23c309ffaf1/element'
04:02:59.527 [Forwarding findElement on session d7bda62b87dd9b4a6ddfb23c309ffaf1 to remote] DEBUG org.asynchttpclient.netty.request.NettyRequestSender - Using open Channel [id: 0xf8331241, L:/127.0.0.1:59222 - R:localhost/127.0.0.1:40923] for POST '/session/d7bda62b87dd9b4a6ddfb23c309ffaf1/element'
04:02:59.543 [AsyncHttpClient-3-1] DEBUG org.asynchttpclient.netty.handler.HttpHandler - 

Request DefaultHttpRequest(decodeResult: success, version: HTTP/1.1)
POST /session/d7bda62b87dd9b4a6ddfb23c309ffaf1/element HTTP/1.1
User-Agent: selenium/4.0.0-alpha-6 (java windows)
Content-Length: 69
Content-Type: application/json; charset=utf-8
host: localhost:40923
accept: */*

Response DefaultHttpResponse(decodeResult: success, version: HTTP/1.1)
HTTP/1.1 200 OK
Content-Length: 88
Content-Type: application/json; charset=utf-8
cache-control: no-cache

04:02:59.543 [AsyncHttpClient-3-1] DEBUG org.asynchttpclient.netty.channel.ChannelManager - Adding key: http://localhost:40923 for channel [id: 0xf8331241, L:/127.0.0.1:59222 - R:localhost/127.0.0.1:40923]
04:02:59.545 [Forwarding sendKeysToElement on session d7bda62b87dd9b4a6ddfb23c309ffaf1 to remote] DEBUG org.asynchttpclient.netty.request.NettyRequestSender - Using pooled Channel '[id: 0xf8331241, L:/127.0.0.1:59222 - R:localhost/127.0.0.1:40923]' for 'POST' to 'http://localhost:40923/session/d7bda62b87dd9b4a6ddfb23c309ffaf1/element/f5cf36b0-e49b-4b63-bc0f-81080d74c687/value'
04:02:59.545 [Forwarding sendKeysToElement on session d7bda62b87dd9b4a6ddfb23c309ffaf1 to remote] DEBUG org.asynchttpclient.netty.request.NettyRequestSender - Using open Channel [id: 0xf8331241, L:/127.0.0.1:59222 - R:localhost/127.0.0.1:40923] for POST '/session/d7bda62b87dd9b4a6ddfb23c309ffaf1/element/f5cf36b0-e49b-4b63-bc0f-81080d74c687/value'
04:02:59.572 [AsyncHttpClient-timer-1-1] DEBUG org.asynchttpclient.netty.channel.DefaultChannelPool - Entry count for : http://localhost:59223 : 1
04:02:59.625 [AsyncHttpClient-3-1] DEBUG org.asynchttpclient.netty.handler.HttpHandler - 

Request DefaultHttpRequest(decodeResult: success, version: HTTP/1.1)
POST /session/d7bda62b87dd9b4a6ddfb23c309ffaf1/element/f5cf36b0-e49b-4b63-bc0f-81080d74c687/value HTTP/1.1
User-Agent: selenium/4.0.0-alpha-6 (java windows)
Content-Length: 161
Content-Type: application/json; charset=utf-8
host: localhost:40923
accept: */*

Response DefaultHttpResponse(decodeResult: success, version: HTTP/1.1)
HTTP/1.1 200 OK
Content-Length: 14
Content-Type: application/json; charset=utf-8
cache-control: no-cache

04:02:59.625 [AsyncHttpClient-3-1] DEBUG org.asynchttpclient.netty.channel.ChannelManager - Adding key: http://localhost:40923 for channel [id: 0xf8331241, L:/127.0.0.1:59222 - R:localhost/127.0.0.1:40923]
04:03:00.640 [Forwarding findElement on session d7bda62b87dd9b4a6ddfb23c309ffaf1 to remote] DEBUG org.asynchttpclient.netty.request.NettyRequestSender - Using pooled Channel '[id: 0xf8331241, L:/127.0.0.1:59222 - R:localhost/127.0.0.1:40923]' for 'POST' to 'http://localhost:40923/session/d7bda62b87dd9b4a6ddfb23c309ffaf1/element'
04:03:00.641 [Forwarding findElement on session d7bda62b87dd9b4a6ddfb23c309ffaf1 to remote] DEBUG org.asynchttpclient.netty.request.NettyRequestSender - Using open Channel [id: 0xf8331241, L:/127.0.0.1:59222 - R:localhost/127.0.0.1:40923] for POST '/session/d7bda62b87dd9b4a6ddfb23c309ffaf1/element'
04:03:00.653 [AsyncHttpClient-3-1] DEBUG org.asynchttpclient.netty.handler.HttpHandler - 

Request DefaultHttpRequest(decodeResult: success, version: HTTP/1.1)
POST /session/d7bda62b87dd9b4a6ddfb23c309ffaf1/element HTTP/1.1
User-Agent: selenium/4.0.0-alpha-6 (java windows)
Content-Length: 47
Content-Type: application/json; charset=utf-8
host: localhost:40923
accept: */*

Response DefaultHttpResponse(decodeResult: success, version: HTTP/1.1)
HTTP/1.1 200 OK
Content-Length: 88
Content-Type: application/json; charset=utf-8
cache-control: no-cache

04:03:00.653 [AsyncHttpClient-3-1] DEBUG org.asynchttpclient.netty.channel.ChannelManager - Adding key: http://localhost:40923 for channel [id: 0xf8331241, L:/127.0.0.1:59222 - R:localhost/127.0.0.1:40923]
04:03:00.655 [Forwarding getElementText on session d7bda62b87dd9b4a6ddfb23c309ffaf1 to remote] DEBUG org.asynchttpclient.netty.request.NettyRequestSender - Using pooled Channel '[id: 0xf8331241, L:/127.0.0.1:59222 - R:localhost/127.0.0.1:40923]' for 'GET' to 'http://localhost:40923/session/d7bda62b87dd9b4a6ddfb23c309ffaf1/element/fde98b0c-d06d-4097-a024-5bc975439d2c/text'
04:03:00.656 [Forwarding getElementText on session d7bda62b87dd9b4a6ddfb23c309ffaf1 to remote] DEBUG org.asynchttpclient.netty.request.NettyRequestSender - Using open Channel [id: 0xf8331241, L:/127.0.0.1:59222 - R:localhost/127.0.0.1:40923] for GET '/session/d7bda62b87dd9b4a6ddfb23c309ffaf1/element/fde98b0c-d06d-4097-a024-5bc975439d2c/text'
04:03:00.671 [AsyncHttpClient-timer-1-1] DEBUG org.asynchttpclient.netty.channel.DefaultChannelPool - Entry count for : http://localhost:59223 : 1
04:03:00.675 [AsyncHttpClient-3-1] DEBUG org.asynchttpclient.netty.handler.HttpHandler - 

Request DefaultFullHttpRequest(decodeResult: success, version: HTTP/1.1, content: EmptyByteBufBE)
GET /session/d7bda62b87dd9b4a6ddfb23c309ffaf1/element/fde98b0c-d06d-4097-a024-5bc975439d2c/text HTTP/1.1
User-Agent: selenium/4.0.0-alpha-6 (java windows)
Cache-Control: no-cache
host: localhost:40923
accept: */*

Response DefaultHttpResponse(decodeResult: success, version: HTTP/1.1)
HTTP/1.1 200 OK
Content-Length: 12
Content-Type: application/json; charset=utf-8
cache-control: no-cache

04:03:00.675 [AsyncHttpClient-3-1] DEBUG org.asynchttpclient.netty.channel.ChannelManager - Adding key: http://localhost:40923 for channel [id: 0xf8331241, L:/127.0.0.1:59222 - R:localhost/127.0.0.1:40923]
04:03:01.696 [Forwarding quit on session d7bda62b87dd9b4a6ddfb23c309ffaf1 to remote] DEBUG org.asynchttpclient.netty.request.NettyRequestSender - Using pooled Channel '[id: 0xf8331241, L:/127.0.0.1:59222 - R:localhost/127.0.0.1:40923]' for 'DELETE' to 'http://localhost:40923/session/d7bda62b87dd9b4a6ddfb23c309ffaf1'
04:03:01.697 [Forwarding quit on session d7bda62b87dd9b4a6ddfb23c309ffaf1 to remote] DEBUG org.asynchttpclient.netty.request.NettyRequestSender - Using open Channel [id: 0xf8331241, L:/127.0.0.1:59222 - R:localhost/127.0.0.1:40923] for DELETE '/session/d7bda62b87dd9b4a6ddfb23c309ffaf1'
04:03:01.740 [AsyncHttpClient-3-2] DEBUG org.asynchttpclient.netty.handler.HttpHandler - Unexpected I/O exception on channel [id: 0xf42ee7e6, L:/127.0.0.1:50894 - R:localhost/127.0.0.1:59223]
java.io.IOException: An existing connection was forcibly closed by the remote host
	at sun.nio.ch.SocketDispatcher.read0(Native Method)
	at sun.nio.ch.SocketDispatcher.read(SocketDispatcher.java:43)
	at sun.nio.ch.IOUtil.readIntoNativeBuffer(IOUtil.java:223)
	at sun.nio.ch.IOUtil.read(IOUtil.java:192)
	at sun.nio.ch.SocketChannelImpl.read(SocketChannelImpl.java:380)
	at io.netty.buffer.PooledByteBuf.setBytes(PooledByteBuf.java:253)
	at io.netty.buffer.AbstractByteBuf.writeBytes(AbstractByteBuf.java:1133)
	at io.netty.channel.socket.nio.NioSocketChannel.doReadBytes(NioSocketChannel.java:350)
	at io.netty.channel.nio.AbstractNioByteChannel$NioByteUnsafe.read(AbstractNioByteChannel.java:148)
	at io.netty.channel.nio.NioEventLoop.processSelectedKey(NioEventLoop.java:714)
	at io.netty.channel.nio.NioEventLoop.processSelectedKeysOptimized(NioEventLoop.java:650)
	at io.netty.channel.nio.NioEventLoop.processSelectedKeys(NioEventLoop.java:576)
	at io.netty.channel.nio.NioEventLoop.run(NioEventLoop.java:493)
	at io.netty.util.concurrent.SingleThreadEventExecutor$4.run(SingleThreadEventExecutor.java:989)
	at io.netty.util.internal.ThreadExecutorMap$2.run(ThreadExecutorMap.java:74)
	at io.netty.util.concurrent.FastThreadLocalRunnable.run(FastThreadLocalRunnable.java:30)
	at java.lang.Thread.run(Thread.java:748)
04:03:01.741 [AsyncHttpClient-3-2] DEBUG org.asynchttpclient.netty.channel.ChannelManager - Closing Channel [id: 0xf42ee7e6, L:/127.0.0.1:50894 - R:localhost/127.0.0.1:59223] 
04:03:01.740 [AsyncHttpClient-3-3] DEBUG org.asynchttpclient.netty.handler.WebSocketHandler - Unexpected I/O exception on channel [id: 0x53b94e44, L:/127.0.0.1:50895 - R:localhost/127.0.0.1:59223]
java.io.IOException: An existing connection was forcibly closed by the remote host
	at sun.nio.ch.SocketDispatcher.read0(Native Method)
	at sun.nio.ch.SocketDispatcher.read(SocketDispatcher.java:43)
	at sun.nio.ch.IOUtil.readIntoNativeBuffer(IOUtil.java:223)
	at sun.nio.ch.IOUtil.read(IOUtil.java:192)
	at sun.nio.ch.SocketChannelImpl.read(SocketChannelImpl.java:380)
	at io.netty.buffer.PooledByteBuf.setBytes(PooledByteBuf.java:253)
	at io.netty.buffer.AbstractByteBuf.writeBytes(AbstractByteBuf.java:1133)
	at io.netty.channel.socket.nio.NioSocketChannel.doReadBytes(NioSocketChannel.java:350)
	at io.netty.channel.nio.AbstractNioByteChannel$NioByteUnsafe.read(AbstractNioByteChannel.java:148)
	at io.netty.channel.nio.NioEventLoop.processSelectedKey(NioEventLoop.java:714)
	at io.netty.channel.nio.NioEventLoop.processSelectedKeysOptimized(NioEventLoop.java:650)
	at io.netty.channel.nio.NioEventLoop.processSelectedKeys(NioEventLoop.java:576)
	at io.netty.channel.nio.NioEventLoop.run(NioEventLoop.java:493)
	at io.netty.util.concurrent.SingleThreadEventExecutor$4.run(SingleThreadEventExecutor.java:989)
	at io.netty.util.internal.ThreadExecutorMap$2.run(ThreadExecutorMap.java:74)
	at io.netty.util.concurrent.FastThreadLocalRunnable.run(FastThreadLocalRunnable.java:30)
	at java.lang.Thread.run(Thread.java:748)
04:03:01.742 [AsyncHttpClient-3-3] DEBUG org.asynchttpclient.netty.handler.WebSocketHandler - Trying to recover from dead Channel: [id: 0x53b94e44, L:/127.0.0.1:50895 - R:localhost/127.0.0.1:59223]
04:03:01.742 [AsyncHttpClient-3-3] DEBUG org.asynchttpclient.netty.handler.WebSocketHandler - Channel Closed: [id: 0x53b94e44, L:/127.0.0.1:50895 ! R:localhost/127.0.0.1:59223] with attribute NettyResponseFuture{currentRetry=5,
	isDone=1,
	isCancelled=0,
	asyncHandler=org.asynchttpclient.ws.WebSocketUpgradeHandler@1739bdb0,
	nettyRequest=org.asynchttpclient.netty.request.NettyRequest@7bd46817,
	future=java.util.concurrent.CompletableFuture@4597a619[Completed normally],
	uri=ws://localhost:59223/devtools/browser/88d495f7-abf7-42e8-ac1e-4c7f9799aaf7,
	keepAlive=true,
	redirectCount=0,
	timeoutsHolder=null,
	inAuth=0,
	touch=1624417381742}
04:03:01.743 [AsyncHttpClient-3-3] DEBUG org.asynchttpclient.netty.channel.ChannelManager - Closing Channel [id: 0x53b94e44, L:/127.0.0.1:50895 ! R:localhost/127.0.0.1:59223] 
04:03:01.744 [AsyncHttpClient-3-2] DEBUG org.asynchttpclient.netty.handler.HttpHandler - Channel Closed: [id: 0xf42ee7e6, L:/127.0.0.1:50894 ! R:localhost/127.0.0.1:59223] with attribute DISCARD
04:03:01.750 [AsyncHttpClient-3-1] DEBUG org.asynchttpclient.netty.handler.HttpHandler - 

Request DefaultFullHttpRequest(decodeResult: success, version: HTTP/1.1, content: EmptyByteBufBE)
DELETE /session/d7bda62b87dd9b4a6ddfb23c309ffaf1 HTTP/1.1
User-Agent: selenium/4.0.0-alpha-6 (java windows)
host: localhost:40923
accept: */*

Response DefaultHttpResponse(decodeResult: success, version: HTTP/1.1)
HTTP/1.1 200 OK
Content-Length: 14
Content-Type: application/json; charset=utf-8
cache-control: no-cache

04:03:01.751 [AsyncHttpClient-3-1] DEBUG org.asynchttpclient.netty.channel.ChannelManager - Adding key: http://localhost:40923 for channel [id: 0xf8331241, L:/127.0.0.1:59222 - R:localhost/127.0.0.1:40923]
04:03:01.766 [AsyncHttpClient-timer-1-1] DEBUG org.asynchttpclient.netty.channel.DefaultChannelPool - Entry count for : http://localhost:59223 : 1
04:03:01.766 [AsyncHttpClient-timer-1-1] DEBUG org.asynchttpclient.netty.channel.DefaultChannelPool - Entry count for : http://localhost:40923 : 1
04:03:01.766 [AsyncHttpClient-timer-1-1] DEBUG org.asynchttpclient.netty.channel.DefaultChannelPool - Adding Candidate expired Channel [id: 0xf42ee7e6, L:/127.0.0.1:50894 ! R:localhost/127.0.0.1:59223] isIdleTimeoutExpired=false isRemotelyClosed=true isTtlExpired=false
04:03:01.766 [AsyncHttpClient-timer-1-1] DEBUG org.asynchttpclient.netty.channel.DefaultChannelPool - Closing Idle Channel [id: 0xf42ee7e6, L:/127.0.0.1:50894 ! R:localhost/127.0.0.1:59223]
04:03:01.766 [AsyncHttpClient-timer-1-1] DEBUG org.asynchttpclient.netty.channel.DefaultChannelPool - Closed 1 connections out of 2 in 0 ms
04:03:01.808 [AsyncHttpClient-3-1] DEBUG org.asynchttpclient.netty.handler.HttpHandler - Channel Closed: [id: 0xf8331241, L:/127.0.0.1:59222 ! R:localhost/127.0.0.1:40923] with attribute DISCARD
]]></system-out>
    <system-err><![CDATA[Starting ChromeDriver 91.0.4472.19 (1bf021f248676a0b2ab3ee0561d83a59e424c23e-refs/branch-heads/4472@{#288}) on port 40923
Only local connections are allowed.
Please see https://chromedriver.chromium.org/security-considerations for suggestions on keeping ChromeDriver safe.
ChromeDriver was started successfully.
Jun 23, 2021 4:02:54 AM org.openqa.selenium.remote.ProtocolHandshake createSession
INFO: Detected dialect: W3C
]]></system-err>
  </testcase>
</testsuite>