<?xml version="1.0" encoding="UTF-8"?>
<testng-results skipped="0" failed="0" ignored="0" total="1" passed="1">
  <reporter-output>
  </reporter-output>
  <suite name="SampleSuite" duration-ms="9976" started-at="2021-06-23T04:02:52 BST" finished-at="2021-06-23T04:03:02 BST">
    <groups>
    </groups>
    <test name="SampleTest" duration-ms="9976" started-at="2021-06-23T04:02:52 BST" finished-at="2021-06-23T04:03:02 BST">
      <class name="com.org.SampleSelTest">
        <test-method status="PASS" signature="TestMethod()[pri:0, instance:com.org.SampleSelTest@49fc609f]" name="TestMethod" duration-ms="9931" started-at="2021-06-23T04:02:52 BST" finished-at="2021-06-23T04:03:02 BST">
          <reporter-output>
          </reporter-output>
        </test-method> <!-- TestMethod -->
      </class> <!-- com.org.SampleSelTest -->
    </test> <!-- SampleTest -->
  </suite> <!-- SampleSuite -->
</testng-results>
